Daily update 1: Sat Aug 23 18:37:44 UTC 2025
Daily update 2: Sat Aug 23 18:37:44 UTC 2025
Daily update 3: Sat Aug 23 18:37:44 UTC 2025
Daily update 4: Sat Aug 23 18:37:44 UTC 2025
Daily update 5: Sat Aug 23 18:37:44 UTC 2025
Daily update 6: Sat Aug 23 18:37:44 UTC 2025
Daily update 7: Sat Aug 23 18:37:44 UTC 2025
Daily update 8: Sat Aug 23 18:37:44 UTC 2025
Daily update 9: Sat Aug 23 18:37:44 UTC 2025
Daily update 10: Sat Aug 23 18:37:44 UTC 2025
Update 1 on Sat Aug 23 18:40:07 UTC 2025
Update 1 on Sun Aug 24 10:17:59 UTC 2025
Update 2 on Sun Aug 24 10:17:59 UTC 2025
Update 3 on Sun Aug 24 10:17:59 UTC 2025
Update 1 on Sun Aug 24 16:00:11 UTC 2025
Update 2 on Sun Aug 24 16:00:11 UTC 2025
Update 3 on Sun Aug 24 16:00:11 UTC 2025
Update 1 on Mon Aug 25 10:21:06 UTC 2025
Update 2 on Mon Aug 25 10:21:06 UTC 2025
Update 1 on Tue Aug 26 10:20:21 UTC 2025
Update 2 on Tue Aug 26 10:20:21 UTC 2025
Update 1 on Wed Aug 27 10:18:53 UTC 2025
Update 2 on Wed Aug 27 10:18:53 UTC 2025
Update 3 on Wed Aug 27 10:18:53 UTC 2025
Update 4 on Wed Aug 27 10:18:53 UTC 2025
Update 5 on Wed Aug 27 10:18:53 UTC 2025
Update 6 on Wed Aug 27 10:18:53 UTC 2025
Update 7 on Wed Aug 27 10:18:53 UTC 2025
Update 8 on Wed Aug 27 10:18:53 UTC 2025
Update 9 on Wed Aug 27 10:18:53 UTC 2025
Update 1 on Thu Aug 28 10:20:12 UTC 2025
Update 2 on Thu Aug 28 10:20:12 UTC 2025
Update 3 on Thu Aug 28 10:20:12 UTC 2025
Update 4 on Thu Aug 28 10:20:12 UTC 2025
Update 5 on Thu Aug 28 10:20:12 UTC 2025
Update 6 on Thu Aug 28 10:20:12 UTC 2025
Update 7 on Thu Aug 28 10:20:12 UTC 2025
Update 8 on Thu Aug 28 10:20:12 UTC 2025
Update 9 on Thu Aug 28 10:20:12 UTC 2025
Update 1 on Fri Aug 29 10:19:09 UTC 2025
Update 2 on Fri Aug 29 10:19:09 UTC 2025
Update 3 on Fri Aug 29 10:19:09 UTC 2025
Update 4 on Fri Aug 29 10:19:09 UTC 2025
Update 5 on Fri Aug 29 10:19:09 UTC 2025
Update 6 on Fri Aug 29 10:19:10 UTC 2025
Update 7 on Fri Aug 29 10:19:10 UTC 2025
Update 8 on Fri Aug 29 10:19:10 UTC 2025
Update 9 on Fri Aug 29 10:19:10 UTC 2025
Update 10 on Fri Aug 29 10:19:10 UTC 2025
Update 1 on Sat Aug 30 10:16:43 UTC 2025
Update 2 on Sat Aug 30 10:16:43 UTC 2025
Update 3 on Sat Aug 30 10:16:43 UTC 2025
Update 4 on Sat Aug 30 10:16:43 UTC 2025
Update 5 on Sat Aug 30 10:16:43 UTC 2025
Update 1 on Sun Aug 31 10:17:15 UTC 2025
Update 2 on Sun Aug 31 10:17:15 UTC 2025
Update 3 on Sun Aug 31 10:17:15 UTC 2025
Update 4 on Sun Aug 31 10:17:15 UTC 2025
Update 1 on Mon Sep  1 10:21:00 UTC 2025
Update 2 on Mon Sep  1 10:21:01 UTC 2025
